2021-12-07 18:41:14 0 [Note] InnoDB: Mutexes and rw_locks use Windows interlocked functions
2021-12-07 18:41:14 0 [Note] InnoDB: Uses event mutexes
2021-12-07 18:41:14 0 [Note] InnoDB: Compressed tables use zlib 1.2.11
2021-12-07 18:41:14 0 [Note] InnoDB: Number of pools: 1
2021-12-07 18:41:14 0 [Note] InnoDB: Using SSE2 crc32 instructions
2021-12-07 18:41:14 0 [Note] InnoDB: Initializing buffer pool, total size = 16M, instances = 1, chunk size = 16M
2021-12-07 18:41:14 0 [Note] InnoDB: Completed initialization of buffer pool
2021-12-07 18:41:14 0 [Note] InnoDB: Starting crash recovery from checkpoint LSN=300288
2021-12-07 18:41:14 0 [Note] InnoDB: 128 out of 128 rollback segments are active.
2021-12-07 18:41:14 0 [Note] InnoDB: Removed temporary tablespace data file: "ibtmp1"
2021-12-07 18:41:14 0 [Note] InnoDB: Creating shared tablespace for temporary tables
2021-12-07 18:41:14 0 [Note] InnoDB: Setting file 'C:\Graduation_Project\xampp\mysql\data\ibtmp1' size to 12 MB. Physically writing the file full; Please wait ...
2021-12-07 18:41:14 0 [Note] InnoDB: File 'C:\Graduation_Project\xampp\mysql\data\ibtmp1' size is now 12 MB.
2021-12-07 18:41:14 0 [Note] InnoDB: Waiting for purge to start
2021-12-07 18:41:14 0 [Note] InnoDB: 10.4.21 started; log sequence number 300297; transaction id 170
2021-12-07 18:41:14 0 [Note] InnoDB: Loading buffer pool(s) from C:\Graduation_Project\xampp\mysql\data\ib_buffer_pool
2021-12-07 18:41:14 0 [Note] Plugin 'FEEDBACK' is disabled.
2021-12-07 18:41:14 0 [Note] InnoDB: Buffer pool(s) load completed at 211207 18:41:14
2021-12-07 18:41:14 0 [Note] Server socket created on IP: '::'.
2021-12-07 18:43:45 0 [Note] InnoDB: Mutexes and rw_locks use Windows interlocked functions
2021-12-07 18:43:45 0 [Note] InnoDB: Uses event mutexes
2021-12-07 18:43:45 0 [Note] InnoDB: Compressed tables use zlib 1.2.11
2021-12-07 18:43:45 0 [Note] InnoDB: Number of pools: 1
2021-12-07 18:43:45 0 [Note] InnoDB: Using SSE2 crc32 instructions
2021-12-07 18:43:45 0 [Note] InnoDB: Initializing buffer pool, total size = 16M, instances = 1, chunk size = 16M
2021-12-07 18:43:45 0 [Note] InnoDB: Completed initialization of buffer pool
2021-12-07 18:43:45 0 [Note] InnoDB: Starting crash recovery from checkpoint LSN=300306
2021-12-07 18:43:45 0 [Note] InnoDB: 128 out of 128 rollback segments are active.
2021-12-07 18:43:45 0 [Note] InnoDB: Removed temporary tablespace data file: "ibtmp1"
2021-12-07 18:43:45 0 [Note] InnoDB: Creating shared tablespace for temporary tables
2021-12-07 18:43:45 0 [Note] InnoDB: Setting file 'C:\Graduation_Project\xampp\mysql\data\ibtmp1' size to 12 MB. Physically writing the file full; Please wait ...
2021-12-07 18:43:45 0 [Note] InnoDB: File 'C:\Graduation_Project\xampp\mysql\data\ibtmp1' size is now 12 MB.
2021-12-07 18:43:45 0 [Note] InnoDB: Waiting for purge to start
2021-12-07 18:43:45 0 [Note] InnoDB: 10.4.21 started; log sequence number 300315; transaction id 170
2021-12-07 18:43:45 0 [Note] InnoDB: Loading buffer pool(s) from C:\Graduation_Project\xampp\mysql\data\ib_buffer_pool
2021-12-07 18:43:45 0 [Note] Plugin 'FEEDBACK' is disabled.
2021-12-07 18:43:45 0 [Note] Server socket created on IP: '::'.
2021-12-07 18:45:56 0 [Note] InnoDB: Mutexes and rw_locks use Windows interlocked functions
2021-12-07 18:45:56 0 [Note] InnoDB: Uses event mutexes
2021-12-07 18:45:56 0 [Note] InnoDB: Compressed tables use zlib 1.2.11
2021-12-07 18:45:56 0 [Note] InnoDB: Number of pools: 1
2021-12-07 18:45:56 0 [Note] InnoDB: Using SSE2 crc32 instructions
2021-12-07 18:45:56 0 [Note] InnoDB: Initializing buffer pool, total size = 16M, instances = 1, chunk size = 16M
2021-12-07 18:45:56 0 [Note] InnoDB: Completed initialization of buffer pool
2021-12-07 18:45:56 0 [Note] InnoDB: Starting crash recovery from checkpoint LSN=300324
2021-12-07 18:45:56 0 [Note] InnoDB: 128 out of 128 rollback segments are active.
2021-12-07 18:45:56 0 [Note] InnoDB: Removed temporary tablespace data file: "ibtmp1"
2021-12-07 18:45:56 0 [Note] InnoDB: Creating shared tablespace for temporary tables
2021-12-07 18:45:56 0 [Note] InnoDB: Setting file 'C:\Graduation_Project\xampp\mysql\data\ibtmp1' size to 12 MB. Physically writing the file full; Please wait ...
2021-12-07 18:45:56 0 [Note] InnoDB: File 'C:\Graduation_Project\xampp\mysql\data\ibtmp1' size is now 12 MB.
2021-12-07 18:45:56 0 [Note] InnoDB: Waiting for purge to start
2021-12-07 18:45:56 0 [Note] InnoDB: 10.4.21 started; log sequence number 300333; transaction id 170
2021-12-07 18:45:56 0 [Note] InnoDB: Loading buffer pool(s) from C:\Graduation_Project\xampp\mysql\data\ib_buffer_pool
2021-12-07 18:45:56 0 [Note] Plugin 'FEEDBACK' is disabled.
2021-12-07 18:45:56 0 [Note] Server socket created on IP: '::'.
2021-12-11 18:06:12 0 [Note] InnoDB: Mutexes and rw_locks use Windows interlocked functions
2021-12-11 18:06:12 0 [Note] InnoDB: Uses event mutexes
2021-12-11 18:06:12 0 [Note] InnoDB: Compressed tables use zlib 1.2.11
2021-12-11 18:06:12 0 [Note] InnoDB: Number of pools: 1
2021-12-11 18:06:12 0 [Note] InnoDB: Using SSE2 crc32 instructions
2021-12-11 18:06:12 0 [Note] InnoDB: Initializing buffer pool, total size = 16M, instances = 1, chunk size = 16M
2021-12-11 18:06:12 0 [Note] InnoDB: Completed initialization of buffer pool
2021-12-11 18:06:13 0 [Note] InnoDB: Starting crash recovery from checkpoint LSN=3497574
2021-12-11 18:06:13 0 [Note] InnoDB: 128 out of 128 rollback segments are active.
2021-12-11 18:06:13 0 [Note] InnoDB: Removed temporary tablespace data file: "ibtmp1"
2021-12-11 18:06:13 0 [Note] InnoDB: Creating shared tablespace for temporary tables
2021-12-11 18:06:13 0 [Note] InnoDB: Setting file 'C:\Graduation_Project\xampp\mysql\data\ibtmp1' size to 12 MB. Physically writing the file full; Please wait ...
2021-12-11 18:06:13 0 [Note] InnoDB: File 'C:\Graduation_Project\xampp\mysql\data\ibtmp1' size is now 12 MB.
2021-12-11 18:06:13 0 [Note] InnoDB: Waiting for purge to start
2021-12-11 18:06:13 0 [Note] InnoDB: 10.4.21 started; log sequence number 3497583; transaction id 1972
2021-12-11 18:06:13 0 [Note] InnoDB: Loading buffer pool(s) from C:\Graduation_Project\xampp\mysql\data\ib_buffer_pool
2021-12-11 18:06:13 0 [Note] Plugin 'FEEDBACK' is disabled.
2021-12-11 18:06:13 0 [Note] InnoDB: Buffer pool(s) load completed at 211211 18:06:13
2021-12-11 18:06:13 0 [Note] Server socket created on IP: '::'.
2021-12-11 18:06:15 0 [Note] InnoDB: Mutexes and rw_locks use Windows interlocked functions
2021-12-11 18:06:15 0 [Note] InnoDB: Uses event mutexes
2021-12-11 18:06:15 0 [Note] InnoDB: Compressed tables use zlib 1.2.11
2021-12-11 18:06:15 0 [Note] InnoDB: Number of pools: 1
2021-12-11 18:06:15 0 [Note] InnoDB: Using SSE2 crc32 instructions
2021-12-11 18:06:15 0 [Note] InnoDB: Initializing buffer pool, total size = 16M, instances = 1, chunk size = 16M
2021-12-11 18:06:15 0 [Note] InnoDB: Completed initialization of buffer pool
2021-12-11 18:06:15 0 [Note] InnoDB: Starting crash recovery from checkpoint LSN=3497574
2021-12-11 18:06:15 0 [Note] InnoDB: 128 out of 128 rollback segments are active.
2021-12-11 18:06:15 0 [Note] InnoDB: Removed temporary tablespace data file: "ibtmp1"
2021-12-11 18:06:15 0 [Note] InnoDB: Creating shared tablespace for temporary tables
2021-12-11 18:06:15 0 [Note] InnoDB: Setting file 'C:\Graduation_Project\xampp\mysql\data\ibtmp1' size to 12 MB. Physically writing the file full; Please wait ...
2021-12-11 18:06:15 0 [Note] InnoDB: File 'C:\Graduation_Project\xampp\mysql\data\ibtmp1' size is now 12 MB.
2021-12-11 18:06:15 0 [Note] InnoDB: Waiting for purge to start
2021-12-11 18:06:15 0 [Note] InnoDB: 10.4.21 started; log sequence number 3497583; transaction id 1972
2021-12-11 18:06:15 0 [Note] InnoDB: Loading buffer pool(s) from C:\Graduation_Project\xampp\mysql\data\ib_buffer_pool
2021-12-11 18:06:15 0 [Note] Plugin 'FEEDBACK' is disabled.
2021-12-11 18:06:15 0 [Note] Server socket created on IP: '::'.
2021-12-11 18:06:49 0 [Note] InnoDB: Mutexes and rw_locks use Windows interlocked functions
2021-12-11 18:06:49 0 [Note] InnoDB: Uses event mutexes
2021-12-11 18:06:49 0 [Note] InnoDB: Compressed tables use zlib 1.2.11
2021-12-11 18:06:49 0 [Note] InnoDB: Number of pools: 1
2021-12-11 18:06:49 0 [Note] InnoDB: Using SSE2 crc32 instructions
2021-12-11 18:06:49 0 [Note] InnoDB: Initializing buffer pool, total size = 16M, instances = 1, chunk size = 16M
2021-12-11 18:06:49 0 [Note] InnoDB: Completed initialization of buffer pool
2021-12-11 18:06:49 0 [Note] InnoDB: Starting crash recovery from checkpoint LSN=3497592
2021-12-11 18:06:49 0 [Note] InnoDB: 128 out of 128 rollback segments are active.
2021-12-11 18:06:49 0 [Note] InnoDB: Removed temporary tablespace data file: "ibtmp1"
2021-12-11 18:06:49 0 [Note] InnoDB: Creating shared tablespace for temporary tables
2021-12-11 18:06:49 0 [Note] InnoDB: Setting file 'C:\Graduation_Project\xampp\mysql\data\ibtmp1' size to 12 MB. Physically writing the file full; Please wait ...
2021-12-11 18:06:49 0 [Note] InnoDB: File 'C:\Graduation_Project\xampp\mysql\data\ibtmp1' size is now 12 MB.
2021-12-11 18:06:49 0 [Note] InnoDB: Waiting for purge to start
2021-12-11 18:06:49 0 [Note] InnoDB: 10.4.21 started; log sequence number 3497601; transaction id 1972
2021-12-11 18:06:49 0 [Note] InnoDB: Loading buffer pool(s) from C:\Graduation_Project\xampp\mysql\data\ib_buffer_pool
2021-12-11 18:06:49 0 [Note] Plugin 'FEEDBACK' is disabled.
2021-12-11 18:06:49 0 [Note] Server socket created on IP: '::'.
2021-12-11 21:47:58 0 [Note] InnoDB: Mutexes and rw_locks use Windows interlocked functions
2021-12-11 21:47:58 0 [Note] InnoDB: Uses event mutexes
2021-12-11 21:47:58 0 [Note] InnoDB: Compressed tables use zlib 1.2.11
2021-12-11 21:47:58 0 [Note] InnoDB: Number of pools: 1
2021-12-11 21:47:58 0 [Note] InnoDB: Using SSE2 crc32 instructions
2021-12-11 21:47:58 0 [Note] InnoDB: Initializing buffer pool, total size = 16M, instances = 1, chunk size = 16M
2021-12-11 21:47:58 0 [Note] InnoDB: Completed initialization of buffer pool
2021-12-11 21:47:58 0 [Note] InnoDB: Starting crash recovery from checkpoint LSN=3497610
2021-12-11 21:47:58 0 [Note] InnoDB: 128 out of 128 rollback segments are active.
2021-12-11 21:47:58 0 [Note] InnoDB: Removed temporary tablespace data file: "ibtmp1"
2021-12-11 21:47:58 0 [Note] InnoDB: Creating shared tablespace for temporary tables
2021-12-11 21:47:58 0 [Note] InnoDB: Setting file 'C:\Graduation_Project\xampp\mysql\data\ibtmp1' size to 12 MB. Physically writing the file full; Please wait ...
2021-12-11 21:47:58 0 [Note] InnoDB: File 'C:\Graduation_Project\xampp\mysql\data\ibtmp1' size is now 12 MB.
2021-12-11 21:47:58 0 [Note] InnoDB: Waiting for purge to start
2021-12-11 21:47:58 0 [Note] InnoDB: 10.4.21 started; log sequence number 3497619; transaction id 1972
2021-12-11 21:47:58 0 [Note] InnoDB: Loading buffer pool(s) from C:\Graduation_Project\xampp\mysql\data\ib_buffer_pool
2021-12-11 21:47:58 0 [Note] Plugin 'FEEDBACK' is disabled.
2021-12-11 21:47:58 0 [Note] Server socket created on IP: '::'.
2021-12-11 21:59:23 0 [Note] InnoDB: Mutexes and rw_locks use Windows interlocked functions
2021-12-11 21:59:23 0 [Note] InnoDB: Uses event mutexes
2021-12-11 21:59:23 0 [Note] InnoDB: Compressed tables use zlib 1.2.11
2021-12-11 21:59:23 0 [Note] InnoDB: Number of pools: 1
2021-12-11 21:59:23 0 [Note] InnoDB: Using SSE2 crc32 instructions
2021-12-11 21:59:23 0 [Note] InnoDB: Initializing buffer pool, total size = 16M, instances = 1, chunk size = 16M
2021-12-11 21:59:23 0 [Note] InnoDB: Completed initialization of buffer pool
2021-12-11 21:59:23 0 [Note] InnoDB: Starting crash recovery from checkpoint LSN=3497628
2021-12-11 21:59:23 0 [Note] InnoDB: 128 out of 128 rollback segments are active.
2021-12-11 21:59:23 0 [Note] InnoDB: Removed temporary tablespace data file: "ibtmp1"
2021-12-11 21:59:23 0 [Note] InnoDB: Creating shared tablespace for temporary tables
2021-12-11 21:59:23 0 [Note] InnoDB: Setting file 'C:\Graduation_Project\xampp\mysql\data\ibtmp1' size to 12 MB. Physically writing the file full; Please wait ...
2021-12-11 21:59:23 0 [Note] InnoDB: File 'C:\Graduation_Project\xampp\mysql\data\ibtmp1' size is now 12 MB.
2021-12-11 21:59:23 0 [Note] InnoDB: Waiting for purge to start
2021-12-11 21:59:23 0 [Note] InnoDB: 10.4.21 started; log sequence number 3497637; transaction id 1972
2021-12-11 21:59:23 0 [Note] InnoDB: Loading buffer pool(s) from C:\Graduation_Project\xampp\mysql\data\ib_buffer_pool
2021-12-11 21:59:23 0 [Note] Plugin 'FEEDBACK' is disabled.
2021-12-11 21:59:23 0 [Note] Server socket created on IP: '::'.
2021-12-11 22:05:04 0 [Note] InnoDB: Mutexes and rw_locks use Windows interlocked functions
2021-12-11 22:05:04 0 [Note] InnoDB: Uses event mutexes
2021-12-11 22:05:04 0 [Note] InnoDB: Compressed tables use zlib 1.2.11
2021-12-11 22:05:04 0 [Note] InnoDB: Number of pools: 1
2021-12-11 22:05:04 0 [Note] InnoDB: Using SSE2 crc32 instructions
2021-12-11 22:05:04 0 [Note] InnoDB: Initializing buffer pool, total size = 16M, instances = 1, chunk size = 16M
2021-12-11 22:05:04 0 [Note] InnoDB: Completed initialization of buffer pool
2021-12-11 22:05:04 0 [Note] InnoDB: Starting crash recovery from checkpoint LSN=3497646
2021-12-11 22:05:04 0 [Note] InnoDB: 128 out of 128 rollback segments are active.
2021-12-11 22:05:04 0 [Note] InnoDB: Removed temporary tablespace data file: "ibtmp1"
2021-12-11 22:05:04 0 [Note] InnoDB: Creating shared tablespace for temporary tables
2021-12-11 22:05:04 0 [Note] InnoDB: Setting file 'C:\Graduation_Project\xampp\mysql\data\ibtmp1' size to 12 MB. Physically writing the file full; Please wait ...
2021-12-11 22:05:04 0 [Note] InnoDB: File 'C:\Graduation_Project\xampp\mysql\data\ibtmp1' size is now 12 MB.
2021-12-11 22:05:04 0 [Note] InnoDB: Waiting for purge to start
2021-12-11 22:05:04 0 [Note] InnoDB: 10.4.21 started; log sequence number 3497655; transaction id 1972
2021-12-11 22:05:04 0 [Note] InnoDB: Loading buffer pool(s) from C:\Graduation_Project\xampp\mysql\data\ib_buffer_pool
2021-12-11 22:05:04 0 [Note] Plugin 'FEEDBACK' is disabled.
2021-12-11 22:05:04 0 [Note] Server socket created on IP: '::'.
2022-01-03 22:48:00 0 [Note] InnoDB: Mutexes and rw_locks use Windows interlocked functions
2022-01-03 22:48:00 0 [Note] InnoDB: Uses event mutexes
2022-01-03 22:48:00 0 [Note] InnoDB: Compressed tables use zlib 1.2.11
2022-01-03 22:48:00 0 [Note] InnoDB: Number of pools: 1
2022-01-03 22:48:00 0 [Note] InnoDB: Using SSE2 crc32 instructions
2022-01-03 22:48:00 0 [Note] InnoDB: Initializing buffer pool, total size = 16M, instances = 1, chunk size = 16M
2022-01-03 22:48:00 0 [Note] InnoDB: Completed initialization of buffer pool
2022-01-03 22:48:00 0 [Note] InnoDB: Starting crash recovery from checkpoint LSN=3497664
2022-01-03 22:48:00 0 [Note] InnoDB: 128 out of 128 rollback segments are active.
2022-01-03 22:48:00 0 [Note] InnoDB: Removed temporary tablespace data file: "ibtmp1"
2022-01-03 22:48:00 0 [Note] InnoDB: Creating shared tablespace for temporary tables
2022-01-03 22:48:00 0 [Note] InnoDB: Setting file 'C:\Graduation_Project\xampp\mysql\data\ibtmp1' size to 12 MB. Physically writing the file full; Please wait ...
2022-01-03 22:48:00 0 [Note] InnoDB: File 'C:\Graduation_Project\xampp\mysql\data\ibtmp1' size is now 12 MB.
2022-01-03 22:48:01 0 [Note] InnoDB: Waiting for purge to start
2022-01-03 22:48:01 0 [Note] InnoDB: 10.4.21 started; log sequence number 3497673; transaction id 1972
2022-01-03 22:48:01 0 [Note] InnoDB: Loading buffer pool(s) from C:\Graduation_Project\xampp\mysql\data\ib_buffer_pool
2022-01-03 22:48:01 0 [Note] Plugin 'FEEDBACK' is disabled.
2022-01-03 22:48:01 0 [Note] Server socket created on IP: '::'.
